         w __deregister_frame_info
         w __register_frame_info
         w userAppExit
         w userAppInit
00000000 00000802 B __ctru_dev_utf16_buf
00000000 A __sync_synchronize
00000000 b _TLS_MODULE_BASE_
00000000 a shift
00000000 a shift
00000804 00000401 B __ctru_dev_path_buf
00100000 A __start__
00100000 T _start
00100008 T __service_ptr
0010000c T __apt_appid
00100010 T __heap_size
00100014 T __linear_heap_size
00100018 T __system_arglist
0010001c T __system_runflags
00100020 t startup
00100058 t ClearMem
0010006c t ClrLoop
00100094 T _init
001000ac T __aeabi_idiv
001000ac 00000220 T __divsi3
001000b4 t .divsi3_skip_div0_test
001002cc 00000020 T __aeabi_idivmod
001002ec 00000004 W __aeabi_idiv0
001002ec 00000004 W __aeabi_ldiv0
001002f0 T __aeabi_uldivmod
00100348 00000390 T strcmp
001006d0 t .udivsi3_skip_div0_test
001006d0 T __aeabi_uidiv
001006d0 000001ec T __udivsi3
001008bc 00000020 T __aeabi_uidivmod
001008dc t __do_global_dtors_aux
0010091c t frame_dummy
00100948 00000020 T printError
00100968 0000011c T loadImage
00100a84 0000006c T setScreenColor
00100af0 00000054 T printCenteredText
00100b44 0000031c T main
00100e60 0000045c t consoleHandleColorEsc
001012bc 000000b8 t consoleColorStateShift
00101374 00000018 T consoleSelect
0010138c 000001ac T consoleDrawChar
00101538 0000011c T consolePrintChar
00101654 000005ec T con_write
00101c40 00000124 t newRow
00101d64 0000018c T consoleInit
00101ef0 000000d0 t gfxPresentFramebuffer
00101fc0 0000001c T gfxIsWide
00101fdc 000000ec T gfxSetScreenFormat
001020c8 00000010 T gfxSetDoubleBuffering
001020d8 000000d8 T gfxInit
001021b0 00000010 T gfxInitDefault
001021c0 000000b4 T gfxExit
00102274 000000a0 T gfxGetFramebuffer
00102314 00000100 T gfxFlushBuffers
00102414 00000050 T gfxSwapBuffers
00102464 00000050 T gfxSwapBuffersGpu
001024b4 000001b0 t aptConvertScreenForCapture
00102664 00000008 W aptDspSleep
0010266c 00000004 W aptDspWakeup
00102670 00000004 W aptDspCancel
00102674 00000158 T aptSendCommand
001027d0 00000044 t aptExitProcess
00102814 00000380 T aptExit
00102b94 000000d8 T aptHandleSleep
00102c6c 00000084 T APT_SleepIfShellClosed
00102cf0 00000078 T aptSetSleepAllowed
00102d68 00000084 T APT_UnlockTransition
00102df0 00000478 t aptEventHandler
00103268 000000b0 T APT_ReceiveParameter
00103318 000000ac t aptReceiveParameter.constprop.0
001033c8 00000294 t aptScreenTransfer
0010365c 000002c8 t aptWaitForWakeUp.isra.0
00103924 000000f4 T aptJumpToHomeMenu
00103a18 00000048 T aptMainLoop
00103a60 0000022c T aptInit
00103c8c 0000007c T APT_CheckNew3DS
00103d08 00000c70 t gspHardwareInit
00104978 00000248 T gspInit
00104bc0 000000e4 T gspExit
00104ca4 00000010 T gspHasGpuRight
00104cb4 000000a0 T gspPresentBuffer
00104d54 00000044 T gspWaitForEvent
00104d98 00000004 W gxCmdQueueInterrupt
00104d9c 00000160 t gspEventThreadMain
00104efc 00000050 T GSPGPU_FlushDataCache
00104f4c 00000034 T GSPGPU_SetLcdForceBlack
00104f80 00000068 T GSPGPU_AcquireRight
00104fe8 00000048 T GSPGPU_ReleaseRight
00105030 0000007c T GSPGPU_ImportDisplayCaptureInfo
001050ac 0000002c T GSPGPU_SaveVramSysArea
001050d8 0000002c T GSPGPU_RestoreVramSysArea
00105104 00000024 W hidShouldUseIrrst
00105128 0000018c T hidInit
001052b4 000000e8 T hidExit
0010539c 000002a4 T hidScanInput
00105640 00000010 T hidKeysDown
00105650 00000018 T hidTouchRead
00105668 00000160 T irrstInit
001057c8 000000cc T irrstExit
00105894 000000b4 T irrstScanInput
00105948 00000024 T irrstKeysHeld
0010596c 00000038 W __libctru_init
001059a4 00000160 W __system_initArgv
00105b04 00000030 T __syscall_getreent
00105b34 00000004 T __syscall_lock_acquire
00105b38 00000004 T __syscall_lock_release
00105b3c 00000004 T __syscall_lock_acquire_recursive
00105b40 00000004 T __syscall_lock_release_recursive
00105b44 00000004 T __syscall_exit
00105b48 00000050 T initThreadVars
00105b98 00000080 T __system_initSyscalls
00105c18 T svcControlMemory
00105c38 T svcQueryMemory
00105c68 T svcExitProcess
00105c70 T svcCreateThread
00105c90 T svcExitThread
00105c98 T svcSleepThread
00105ca0 T svcReleaseMutex
00105ca8 T svcCreateEvent
00105cbc T svcSignalEvent
00105cc4 T svcClearEvent
00105ccc T svcMapMemoryBlock
00105cd4 T svcUnmapMemoryBlock
00105cdc T svcCreateAddressArbiter
00105cf0 T svcArbitrateAddressNoTimeout
00105cf8 T svcCloseHandle
00105d00 T svcWaitSynchronization
00105d08 T svcWaitSynchronizationN
00105d30 T svcDuplicateHandle
00105d44 T svcConnectToPort
00105d58 T svcSendSyncRequest
00105d60 T svcGetResourceLimit
00105d74 T svcGetResourceLimitLimitValues
00105d7c T svcGetResourceLimitCurrentValues
00105d84 T svcBreak
00105d8c W initSystem
00105ddc W __ctru_exit
00105df0 00000024 t addrMapNodeComparator(rbtree_node const*, rbtree_node const*)
00105e14 00000004 t addrMapNodeDestructor(rbtree_node*)
00105e18 00000120 T linearMemAlign
00105f38 00000008 T linearAlloc
00105f40 0000005c T linearFree
00105f9c 00000084 T MemPool::CoalesceRight(MemBlock*)
00106020 00000150 T MemPool::Allocate(MemChunk&, unsigned long, int)
00106170 000000fc T MemPool::Deallocate(MemChunk const&)
0010626c 00000030 T MemPool::GetFreeSpace()
0010629c 00000024 t addrMapNodeComparator(rbtree_node const*, rbtree_node const*)
001062c0 00000004 t addrMapNodeDestructor(rbtree_node*)
001062c4 00000244 T vramMemAlignAt
00106508 0000000c T vramAlloc
00106514 00000090 T vramFree
001065a4 00000084 W envGetHandle
00106628 00000050 W envDestroyHandles
00106678 00000034 T __ctru_speedup_config
001066ac 0000012c T srvInit
001067d8 00000058 T srvExit
00106830 00000060 T srvEnableNotification
00106890 000000a0 T srvGetServiceHandleDirect
00106930 00000038 T srvGetServiceHandle
00106968 00000034 T srvSubscribe
0010699c 00000060 T srvReceiveNotification
001069fc 00000038 T srvPublishToSubscriber
00106a34 0000000c T __sync_init
00106a40 00000018 T __sync_fini
00106a58 0000002c T syncArbitrateAddress
00106a84 000000b0 T LightLock_Lock
00106b34 00000040 T LightLock_Unlock
00106b74 00000030 T RecursiveLock_Lock
00106ba4 00000054 T RecursiveLock_Unlock
00106bf8 00000040 T LightEvent_Init
00106c38 000000a4 T LightEvent_Clear
00106cdc 000000c8 T LightEvent_Signal
00106da4 00000050 T LightEvent_TryWait
00106df4 000000a0 T LightEvent_Wait
00106e94 000001d4 T threadCreate
00107068 0000002c T threadFree
00107094 00000024 T threadJoin
001070b8 00000030 T threadGetCurrent
001070e8 00000040 T threadExit
00107128 00000020 t _thread_begin
00107148 00000090 t mappableFindAddressWithin
001071d8 00000028 T mappableInit
00107200 00000080 T mappableAlloc
00107280 00000004 T mappableFree
00107284 00000074 T ptmSysmInit
001072f8 0000003c T ptmSysmExit
00107334 00000034 T PTMSYSM_ConfigureNew3DSCPU
00107368 0000000c T srvPmGetSessionHandle
00107374 00000074 T rbtree_find
001073e8 00000010 T rbtree_init
001073f8 0000019c t do_insert
00107594 00000008 T rbtree_insert
0010759c 00000310 T rbtree_remove
001078ac 00000090 T rbtree_rotate
00107940 000001e0 W __system_allocateHeaps
00107b20 00000030 W __appExit
00107b50 00000030 W __appInit
00107b80 00000090 W __libctru_exit
00107c10 00000014 t archive_link
00107c24 00000014 t archive_dirreset
00107c38 00000014 t archive_chmod
00107c4c 00000024 t error_cmp
00107c70 00000050 t archive_translate_error
00107cc0 000000c4 t archive_seek
00107d84 00000078 t _archiveInit.part.0
00107dfc 000000c4 t archiveFindDevice.part.0
00107ec0 00000290 t archive_utf16path
00108150 0000009c t _archiveUnmountDeviceStruct.part.0
001081ec 00000014 t archive_statvfs
00108200 00000014 t archive_fchmod
00108214 00000168 t _archiveMountDevice
0010837c 000000e8 t archive_diropen
00108464 000000a4 t archive_fstat
00108508 0000006c t archive_fsync
00108574 0000006c t archive_close
001085e0 00000070 t archive_dirclose
00108650 000000e4 t sdmc_statvfs
00108734 000000ec t archive_chdir
00108820 0000007c t archive_ftruncate
0010889c 000000ac t archive_read
00108948 000000a4 t archive_unlink
001089ec 000000bc t archive_rmdir
00108aa8 000000dc t archive_mkdir
00108b84 00000194 t archive_stat
00108d18 0000015c t archive_dirnext
00108e74 00000124 t archive_write
00108f98 00000210 t archive_open
001091a8 00000268 t archive_rename
00109410 0000019c T archiveMountSdmc
001095ac 00000054 T archiveUnmountAll
00109600 000000d0 T fsInit
001096d0 0000003c T fsExit
0010970c 00000060 T fsExemptFromSession
0010976c 00000050 T fsUnexemptFromSession
001097bc 000000cc T FSUSER_OpenFile
00109888 000000bc T FSUSER_DeleteFile
00109944 000000f8 T FSUSER_RenameFile
00109a3c 000000bc T FSUSER_DeleteDirectory
00109af8 000000d4 T FSUSER_CreateFile
00109bcc 000000c4 T FSUSER_CreateDirectory
00109c90 000000f8 T FSUSER_RenameDirectory
00109d88 000000b4 T FSUSER_OpenDirectory
00109e3c 00000094 T FSUSER_OpenArchive
00109ed0 0000008c T FSUSER_CloseArchive
00109f5c 00000074 T FSUSER_GetSdmcArchiveResource
00109fd0 00000064 T FSUSER_IsSdmcWritable
0010a034 00000058 T FSFILE_Read
0010a08c 00000060 T FSFILE_Write
0010a0ec 00000038 T FSFILE_GetSize
0010a124 00000028 T FSFILE_SetSize
0010a14c 0000003c T FSFILE_Close
0010a188 00000024 T FSFILE_Flush
0010a1ac 00000050 T FSDIR_Read
0010a1fc 0000003c T FSDIR_Close
0010a238 0000005c T rbtree_node_next
0010a294 0000013c T decode_utf8
0010a3d0 000000e8 T utf16_to_utf8
0010a4b8 000000c0 T utf8_to_utf16
0010a578 T __aeabi_read_tp
0010a584 00000064 T decode_utf16
0010a5e8 00000054 T encode_utf16
0010a63c 000000e0 T encode_utf8
0010a71c 00000120 T __udivmoddi4
0010a83c 000000d8 T strncmp
0010a914 0000005c T strlen
0010a970 000001e4 t _strtoul_l.isra.0
0010ab54 00000034 T strtoul
0010ab88 000000e4 T strncat
0010ac6c 00000078 T bsearch
0010ace4 00000344 T _fread_r
0010b028 00000038 T fread
0010b060 00000038 t lflush
0010b098 0000019c T __srefill_r
0010b234 00000148 T _fclose_r
0010b37c 00000018 T fclose
0010b394 00000144 T __smakebuf_r
0010b4d8 0000008c T __swhatbuf_r
0010b564 00000020 T memalign
0010b584 0000001c t stdio_exit_handler
0010b5a0 0000005c t cleanup_stdio
0010b5fc 00000154 t global_stdio_init.part.0
0010b750 00000134 T __sfp
0010b884 0000005c T __sinit
0010b8e0 0000000c T __sfp_lock_acquire
0010b8ec 0000000c T __sfp_lock_release
0010b8f8 000007e8 T _malloc_r
0010c0e0 000000f8 T _malloc_trim_r
0010c1d8 00000300 T _free_r
0010c4d8 00000294 T setvbuf
0010c76c 0000004c T strnlen
0010c7b8 0000000c T __errno
0010c7c4 00000034 T malloc
0010c7f8 00000018 T free
0010c810 00000130 T memcpy
0010c940 00000034 T printf
0010c974 00000134 T _fopen_r
0010caa8 00000020 T fopen
0010cac8 000000e8 T memset
0010cbb0 00000070 T _fwalk_sglue
0010cc20 0000000c T __malloc_lock
0010cc2c 0000000c T __malloc_unlock
0010cc38 00000004 W __call_exitprocs
0010cc3c 00000030 T exit
0010cc6c 0000001c T _fseek_r
0010cc88 000000c4 T strncpy
0010cd4c 000001e0 T _perror_r
0010cf2c 00000018 T perror
0010cf44 000000b4 T __sflags
0010cff8 00000084 T __libc_init_array
0010d07c 00000228 T __sflush_r
0010d2a4 00000094 T _fflush_r
0010d338 00000414 T _strerror_r
0010d74c 00000008 T _user_strerror
0010d754 00000150 T _memalign_r
0010d8a4 0000003c T __libc_fini_array
0010d8e0 0000058c T _fseeko_r
0010de6c 00000044 T __sread
0010deb0 00000068 T __swrite
0010df18 00000040 T __sseek
0010df58 00000008 T __sclose
0010df60 000005e4 t get_arg
0010e548 0000342c T _vfprintf_r
00111974 000000b8 t __sbprintf
00111a2c 000001b4 t quorem
00111be0 00001370 T _dtoa_r
00112f50 000000a0 T _wcrtomb_r
00112ff0 000000ac T fileno
0011309c 00000028 T _wcsrtombs_r
001130c4 00000194 T __swsetup_r
00113258 00000088 T frexp
001132e0 0000005c T __assert_func
0011333c 00000088 T _Balloc
001133c4 0000001c T _Bfree
001133e0 000000f4 T __multadd
001134d4 00000080 T __hi0bits
00113554 000000f4 T __lo0bits
00113648 000000a4 T __i2b
001136ec 00000208 T __multiply
001138f4 00000130 T __pow5mult
00113a24 00000138 T __lshift
00113b5c 00000058 T __mcmp
00113bb4 000001f0 T __mdiff
00113da4 00000120 T __d2b
00113ec4 00000024 T __locale_mb_cur_max
00113ee8 0000003c T fiprintf
00113f24 000000e0 T memchr
00114004 00000160 T _wcsnrtombs_l
00114164 00000064 T _wcsnrtombs_r
001141c8 00000324 T __utf8_mbtowc
001144ec 00000030 T __sprint_r
0011451c 00000014 T abort
00114530 00000024 T _localeconv_r
00114554 000000c0 T _calloc_r
00114614 000000f0 T __utf8_wctomb
00114704 00000130 T strchr
00114834 00000160 T memmove
00114994 00000090 T _raise_r
00114a24 00000018 T raise
00114a3c 00000480 T __sfvwrite_r
00114ebc 000005e4 t get_arg
001154a0 00002264 T _vfiprintf_r
00117704 000000b8 t __sbprintf
001177bc 000004a4 T _realloc_r
00117c60 00000020 T _exit
00117c80 0000013c T chdir
00117dbc 000001cc T _concatenate_path
00117f88 00000088 T _fstat_r
00118010 00000014 T _getpid_r
00118024 0000002c T __getreent
00118050 0000008c T __release_handle
001180dc 000000b0 T __alloc_handle
0011818c 0000003c T __get_handle
001181c8 000000f4 T _close_r
001182bc 00000008 t null_write
001182c4 00000018 T setDefaultDevice
001182dc 000000c8 T FindDevice
001183a4 00000028 T RemoveDevice
001183cc 00000098 T AddDevice
00118464 00000020 T GetDeviceOpTab
00118484 00000008 T _isatty_r
0011848c 00000014 T _kill_r
001184a0 0000008c T _lseek_r
0011852c 000000bc T _open_r
001185e8 00000088 T _read_r
00118670 00000078 W _sbrk_r
001186e8 0000001c T __libc_lock_acquire
00118704 0000001c T __libc_lock_release
00118720 0000001c T __libc_lock_acquire_recursive
0011873c 0000001c T __libc_lock_release_recursive
00118758 00000088 T _write_r
001187e0 00000048 T strrchr
00118828 T _fini
001198b8 r .LC2
00119a98 00000080 r dotab_stdout
00119b18 00000018 r grayScale
00119b30 00000006 r colorCube
00119b38 00000030 r colorTable
00119b84 00000008 r morton_y.2
00119b8c 00000008 r morton_x.3
00119b94 00000008 r s_sleepWakeEvents.4
00119b9c R default_font_bin
0011a39c R default_font_bin_end
0011a39c 00000030 r error_table
0011a3cc 00000080 r archive_devoptab
0011a44c 00000101 R _ctype_
0011a794 00000010 r zeroes.0
0011a7a4 00000010 r blanks.1
0011a7bc 0000006c R __action_table
0011a828 0000006c R __state_table
0011a894 00000100 R __chclass
0011a994 0000000c r p05.0
0011a9a0 00000028 R __mprec_bigtens
0011a9c8 000000c8 R __mprec_tens
0011ab7c 00000010 r zeroes.0
0011ab8c 00000010 r blanks.1
0011ab9c 00000080 R dotab_stdnull
0011ac1c R __tdata_align
0011ac20 r __EH_FRAME_BEGIN__
0011ac20 R __exidx_end
0011ac20 R __exidx_start
0011b000 00000001 d firstConsoleInit.0
0011b004 00000004 D currentConsole
0011b008 00000048 D defaultConsole
0011b050 00000004 d aptChainloadDeliverArgSize
0011b054 00000004 d kCount
0011b058 00000004 d kInterval
0011b05c 00000004 d kDelay
0011b060 W __stacksize__
0011b064 00000004 D _impure_ptr
0011b068 00000120 D _impure_data
0011b188 0000000c D __sglue
0011b194 00000004 D __malloc_sbrk_base
0011b198 00000004 D __malloc_trim_threshold
0011b1a0 00000408 D __malloc_av_
0011b5a8 0000016c D __global_locale
0011b714 00000400 d _current_working_directory
0011bb18 00001000 d handles
0011cb18 0000000c d __stderr_handle
0011cb24 0000000c d __stdout_handle
0011cb30 0000000c d __stdin_handle
0011cb3c 0000008c D devoptab_list
0011cbc8 00000004 d defaultDevice
0011cbd4 d _GLOBAL_OFFSET_TABLE_
0011cbe0 d __frame_dummy_init_array_entry
0011cbe0 D __init_array_start
0011cbe0 B __preinit_array_end
0011cbe0 B __preinit_array_start
0011cbe0 D __tdata_lma
0011cbe0 D __tdata_lma_end
0011cbe4 d __do_global_dtors_aux_fini_array_entry
0011cbe4 D __fini_array_start
0011cbe4 D __init_array_end
0011cbe8 D __bss_start__
0011cbe8 D __fini_array_end
0011cbe8 b completed.1
0011cbec b object.0
0011cc04 0000001c b escapeSeq
0011cc20 00000048 B currentCopy
0011cc68 00000004 b screenAlloc
0011cc6c 00000004 b screenFree
0011cc70 00000002 b gfxIsDoubleBuf
0011cc74 00000002 b gfxCurBuf
0011cc76 00000001 b gfxIsVram
0011cc77 00000001 b gfxTopMode
0011cc78 00000002 b gfxFramebufferFormats
0011cc7c 00000004 b gfxBottomFramebufferMaxSize
0011cc80 00000004 b gfxTopFramebufferMaxSize
0011cc88 00000008 b gfxBottomFramebuffers
0011cc90 00000008 b gfxTopFramebuffers
0011cc98 00000001 b flagValue.0
0011cc99 00000001 b flagInit.1
0011cc9c 00000004 b serviceName.6
0011cca0 00000001 b aptChainloadFlags
0011cca1 00000001 b aptChainloadMediatype
0011cca4 00000020 b aptChainloadHmac
0011ccc4 00000300 b aptChainloadDeliverArg
0011cfc8 00000008 b aptChainloadTid
0011cfd0 00001000 b aptParameters
0011dfd0 00000004 b aptFlags
0011dfd4 00000001 b aptHomeButtonState
0011dfd8 00000004 b aptMessageFuncData
0011dfdc 00000004 b aptMessageFunc
0011dfe0 0000000c b aptFirstHook
0011dfec 00000001 b aptEventHandlerThreadQuit
0011dff0 00000004 b aptEventHandlerThread
0011dff4 00000008 b aptSleepEvent
0011dffc 00000008 b aptReceiveEvent
0011e004 00000008 b aptEvents
0011e00c 00000004 b aptLockHandle
0011e010 00000004 b aptRefCount
0011e014 00000007 b gspEventCbOneShot
0011e01c 0000001c b gspEventCbData
0011e038 0000001c b gspEventCb
0011e054 00000038 b gspEvents
0011e08c 00000004 b gspLastEvent
0011e090 00000001 b gspRunEvents
0011e094 00000004 b gspEventThread
0011e098 00000004 b gspEvent
0011e09c 00000001 b gspGpuRight
0011e09d 00000001 b gspThreadId
0011e0a0 00000004 b gspSharedMem
0011e0a4 00000004 b gspSharedMemHandle
0011e0a8 00000004 b gspRefCount
0011e0ac 00000004 b gspGpuHandle
0011e0b0 00000001 b usingIrrst
0011e0b4 00000004 b hidRefCount
0011e0b8 00000006 b gRate
0011e0c0 00000006 b aVec
0011e0c8 00000004 b cPos
0011e0cc 00000004 b tPos
0011e0d0 00000004 b kRepeat
0011e0d4 00000004 b kUp
0011e0d8 00000004 b kDown
0011e0dc 00000004 b kHeld
0011e0e0 00000004 b kOld
0011e0e4 00000004 B hidSharedMem
0011e0e8 00000014 B hidEvents
0011e0fc 00000004 B hidMemHandle
0011e100 00000004 B hidHandle
0011e104 00000004 b irrstRefCount
0011e108 00000004 b csPos
0011e10c 00000004 b kHeld
0011e110 00000004 B irrstSharedMem
0011e114 00000004 B irrstEvent
0011e118 00000004 B irrstMemHandle
0011e11c 00000004 B irrstHandle
0011e120 00000004 B __system_retAddr
0011e124 00000004 B __system_argv
0011e128 00000004 B __system_argc
0011e12c b saved_stack
0011e138 00000008 b sLinearPool
0011e140 0000000c b sAddrMap
0011e150 00000008 b sVramPoolB
0011e158 00000008 b sVramPoolA
0011e160 0000000c b sAddrMap
0011e16c 00000004 B __3dslink_host
0011e170 00000001 V __ctru_speedup
0011e174 00000004 b srvRefCount
0011e178 00000004 b srvHandle
0011e17c 00000004 b arbiter
0011e180 00000004 b currentAddr
0011e184 00000004 b maxAddr
0011e188 00000004 b minAddr
0011e18c 00000004 b ptmSysmRefCount
0011e190 00000004 b ptmSysmHandle
0011e194 00000004 b srvPmHandle
0011e198 00000004 V __ctru_linear_heap_size
0011e19c 00000004 V __ctru_heap_size
0011e1a0 00000004 B __ctru_linear_heap
0011e1a4 00000004 B __ctru_heap
0011e1a8 000005c0 b archive_devices
0011e768 00000004 b archive_device_cwd
0011e76c 00000001 b archive_initialized
0011e770 00000080 b fsExemptArchives
0011e7f0 00000004 b fsuRefCount
0011e7f4 00000004 b fsuHandle
0011e7f8 0000000c b __sfp_recursive_mutex
0011e808 00000168 B __sf
0011e970 00000004 B __stdio_exit_handler
0011e974 00000028 B __malloc_current_mallinfo
0011e99c 00000004 B __malloc_max_total_mem
0011e9a0 00000004 B __malloc_max_sbrked_mem
0011e9a4 00000004 B __malloc_top_pad
0011e9a8 0000000c b __malloc_recursive_mutex
0011e9b4 00000400 b temp_cwd
0011edb4 00000004 b __hndl_lock
0011edb8 00000004 B fake_heap_start
0011edbc 00000004 B fake_heap_end
0011edc0 00000004 b heap_start.0
0011edc4 B __tls_start
0011f9cc B __bss_end__
0011f9cc A __end__
0011f9cc B __tls_end
